<?xml version="1.0" encoding="UTF-8"?>
<!-- Generated by org.testng.reporters.JUnitReportReporter -->
<testsuite skipped="0" hostname="SAJIDs-MBP.fios-router.home" name="cssPseudo_Classes.LastChild" tests="1" failures="0" timestamp="2021-04-25T21:14:50 EDT" time="4.668" errors="0">
  <testcase name="firstChild" time="4.668" classname="cssPseudo_Classes.LastChild"/>
</testsuite> <!-- cssPseudo_Classes.LastChild -->
