<?xml version="1.0" encoding="UTF-8"?>
<!-- Generated by org.testng.reporters.JUnitReportReporter -->
<testsuite skipped="0" hostname="SAJIDs-MBP.fios-router.home" name="directLocators.TestClass" tests="1" failures="0" timestamp="2021-04-19T20:48:32 EDT" time="0.008" errors="0">
  <testcase name="test" time="0.008" classname="directLocators.TestClass"/>
</testsuite> <!-- directLocators.TestClass -->
