<?xml version="1.0" encoding="UTF-8"?>
<!-- Generated by org.testng.reporters.JUnitReportReporter -->
<testsuite skipped="0" hostname="SAJIDs-MBP.fios-router.home" name="cssPseudo_Classes.CssFirstChild" tests="1" failures="0" timestamp="2021-04-25T21:20:08 EDT" time="3.386" errors="0">
  <testcase name="firstChild" time="3.386" classname="cssPseudo_Classes.CssFirstChild"/>
</testsuite> <!-- cssPseudo_Classes.CssFirstChild -->
