<?xml version="1.0" encoding="UTF-8"?>
<!-- Generated by org.testng.reporters.JUnitReportReporter -->
<testsuite skipped="0" hostname="SAJIDs-MBP.fios-router.home" name="directLocators.Class" tests="1" failures="0" timestamp="2021-04-20T00:35:10 EDT" time="13.600" errors="0">
  <testcase name="classAttribute" time="13.600" classname="directLocators.Class"/>
</testsuite> <!-- directLocators.Class -->
