<?xml version="1.0" encoding="UTF-8"?>
<!-- Generated by org.testng.reporters.JUnitReportReporter -->
<testsuite skipped="0" hostname="SAJIDs-MBP.fios-router.home" name="cssPseudoClasses.LastChild" tests="1" failures="0" timestamp="2021-04-25T21:09:33 EDT" time="3.093" errors="0">
  <testcase name="firstChild" time="3.093" classname="cssPseudoClasses.LastChild"/>
</testsuite> <!-- cssPseudoClasses.LastChild -->
