<?xml version="1.0" encoding="UTF-8"?>
<!-- Generated by org.testng.reporters.JUnitReportReporter -->
<testsuite skipped="0" hostname="SAJIDs-MBP.fios-router.home" name="xPath.XpathContains" tests="1" failures="0" timestamp="2021-04-21T00:47:54 EDT" time="3.211" errors="0">
  <testcase name="containsText" time="3.211" classname="xPath.XpathContains"/>
</testsuite> <!-- xPath.XpathContains -->
