<?xml version="1.0" encoding="UTF-8"?>
<!-- Generated by org.testng.reporters.JUnitReportReporter -->
<testsuite skipped="0" hostname="SAJIDs-MBP.fios-router.home" name="directLocators.ParitialLinkText" tests="1" failures="0" timestamp="2021-04-20T01:17:19 EDT" time="7.797" errors="0">
  <testcase name="partialLinkTextAttribute" time="7.797" classname="directLocators.ParitialLinkText"/>
</testsuite> <!-- directLocators.ParitialLinkText -->
