<?xml version="1.0" encoding="UTF-8"?>
<!-- Generated by org.testng.reporters.JUnitReportReporter -->
<testsuite skipped="0" hostname="SAJIDs-MBP.fios-router.home" name="xPath.XpathClass" tests="1" failures="0" timestamp="2021-04-21T07:49:25 EDT" time="5.334" errors="0">
  <testcase name="classAttribute" time="5.334" classname="xPath.XpathClass"/>
</testsuite> <!-- xPath.XpathClass -->
