<?xml version="1.0" encoding="UTF-8"?>
<!-- Generated by org.testng.reporters.JUnitReportReporter -->
<testsuite skipped="0" hostname="SAJIDs-MBP.fios-router.home" name="xPath.XpathStartsWith" tests="1" failures="0" timestamp="2021-04-21T08:22:48 EDT" time="6.190" errors="0">
  <testcase name="startsWith" time="6.190" classname="xPath.XpathStartsWith"/>
</testsuite> <!-- xPath.XpathStartsWith -->
