<?xml version="1.0" encoding="UTF-8"?>
<!-- Generated by org.testng.reporters.JUnitReportReporter -->
<testsuite skipped="0" hostname="SAJIDs-MBP.fios-router.home" name="xPath.XpathOrAnd" tests="2" failures="0" timestamp="2021-04-20T23:31:22 EDT" time="10.650" errors="0">
  <testcase name="xPathOr" time="5.502" classname="xPath.XpathOrAnd"/>
  <testcase name="xPathAnd" time="5.148" classname="xPath.XpathOrAnd"/>
</testsuite> <!-- xPath.XpathOrAnd -->
