<?xml version="1.0" encoding="UTF-8"?>
<!-- Generated by org.testng.reporters.JUnitReportReporter -->
<testsuite skipped="0" hostname="SAJIDs-MBP.fios-router.home" name="xPath.XpathId" tests="1" failures="0" timestamp="2021-04-20T17:03:45 EDT" time="3.207" errors="0">
  <testcase name="tagAttribute" time="3.207" classname="xPath.XpathId"/>
</testsuite> <!-- xPath.XpathId -->
