<?xml version="1.0" encoding="UTF-8"?>
<!-- Generated by org.testng.reporters.JUnitReportReporter -->
<testsuite skipped="0" hostname="SAJIDs-MBP.fios-router.home" name="directLocators.ID" tests="1" failures="0" timestamp="2021-04-20T00:50:15 EDT" time="5.160" errors="0">
  <testcase name="idAttribute" time="5.160" classname="directLocators.ID"/>
</testsuite> <!-- directLocators.ID -->
