<?xml version="1.0" encoding="UTF-8"?>
<!-- Generated by org.testng.reporters.JUnitReportReporter -->
<testsuite skipped="0" hostname="SAJIDs-MBP.fios-router.home" name="directLocators.LinkText" tests="1" failures="0" timestamp="2021-04-20T00:54:17 EDT" time="4.697" errors="0">
  <testcase name="linkTextAttribute" time="4.697" classname="directLocators.LinkText"/>
</testsuite> <!-- directLocators.LinkText -->
