<?xml version="1.0" encoding="UTF-8"?>
<!-- Generated by org.testng.reporters.JUnitReportReporter -->
<testsuite skipped="0" hostname="SAJIDs-MBP.fios-router.home" name="cssPseudoClasses.CssFirstChild" tests="1" failures="0" timestamp="2021-04-25T21:06:45 EDT" time="3.370" errors="0">
  <testcase name="firstChild" time="3.370" classname="cssPseudoClasses.CssFirstChild"/>
</testsuite> <!-- cssPseudoClasses.CssFirstChild -->
