<?xml version="1.0" encoding="UTF-8"?>
<!-- Generated by org.testng.reporters.JUnitReportReporter -->
<testsuite skipped="0" hostname="SAJIDs-MBP.fios-router.home" name="xPath.XpathClass" tests="1" failures="0" timestamp="2021-04-20T10:38:34 EDT" time="3.142" errors="0">
  <testcase name="tagAttribute" time="3.142" classname="xPath.XpathClass"/>
</testsuite> <!-- xPath.XpathClass -->
