<?xml version="1.0" encoding="UTF-8"?>
<!-- Generated by org.testng.reporters.JUnitReportReporter -->
<testsuite skipped="0" hostname="SAJIDs-MBP.fios-router.home" name="xPath.XpathContains" tests="1" failures="0" timestamp="2021-04-20T11:28:31 EDT" time="4.010" errors="0">
  <testcase name="tagAttribute" time="4.010" classname="xPath.XpathContains"/>
</testsuite> <!-- xPath.XpathContains -->
