<?xml version="1.0" encoding="UTF-8"?>
<!-- Generated by org.testng.reporters.JUnitReportReporter -->
<testsuite skipped="0" hostname="SAJIDs-MBP.fios-router.home" name="directLocators.Class" tests="1" failures="0" timestamp="2021-04-21T22:18:02 EDT" time="19.310" errors="0">
  <testcase name="classAttribute" time="19.310" classname="directLocators.Class"/>
</testsuite> <!-- directLocators.Class -->
