<?xml version="1.0" encoding="UTF-8"?>
<!-- Generated by org.testng.reporters.JUnitReportReporter -->
<testsuite skipped="0" hostname="SAJIDs-MBP.fios-router.home" name="xPath.XpathContains" tests="1" failures="0" timestamp="2021-04-21T07:58:27 EDT" time="6.342" errors="0">
  <testcase name="contains" time="6.342" classname="xPath.XpathContains"/>
</testsuite> <!-- xPath.XpathContains -->
