<?xml version="1.0" encoding="UTF-8"?>
<!-- Generated by org.testng.reporters.JUnitReportReporter -->
<testsuite skipped="0" hostname="SAJIDs-MBP.fios-router.home" name="xPath.XpathText" tests="1" failures="0" timestamp="2021-04-21T08:30:56 EDT" time="6.043" errors="0">
  <testcase name="text" time="6.043" classname="xPath.XpathText"/>
</testsuite> <!-- xPath.XpathText -->
