<?xml version="1.0" encoding="UTF-8"?>
<!-- Generated by org.testng.reporters.JUnitReportReporter -->
<testsuite skipped="0" hostname="SAJIDs-MBP.fios-router.home" name="cssSelector.CssId" tests="1" failures="0" timestamp="2021-04-20T12:20:13 EDT" time="5.097" errors="0">
  <testcase name="classAttribute" time="5.097" classname="cssSelector.CssId"/>
</testsuite> <!-- cssSelector.CssId -->
