<?xml version="1.0" encoding="UTF-8"?>
<!-- Generated by org.testng.reporters.JUnitReportReporter -->
<testsuite skipped="0" hostname="SAJIDs-MBP.fios-router.home" name="xPath.XpathStartsWith" tests="1" failures="0" timestamp="2021-04-20T11:37:12 EDT" time="3.088" errors="0">
  <testcase name="tagAttribute" time="3.088" classname="xPath.XpathStartsWith"/>
</testsuite> <!-- xPath.XpathStartsWith -->
