<?xml version="1.0" encoding="UTF-8"?>
<!-- Generated by org.testng.reporters.JUnitReportReporter -->
<testsuite skipped="0" hostname="SAJIDs-MBP.fios-router.home" name="directLocators.Id" tests="1" failures="0" timestamp="2021-04-21T22:18:50 EDT" time="5.326" errors="0">
  <testcase name="idAttribute" time="5.326" classname="directLocators.Id"/>
</testsuite> <!-- directLocators.Id -->
