<?xml version="1.0" encoding="UTF-8"?>
<!-- Generated by org.testng.reporters.JUnitReportReporter -->
<testsuite skipped="0" hostname="SAJIDs-MBP.fios-router.home" name="cssSelector.CssAttribute" tests="1" failures="0" timestamp="2021-04-20T12:36:51 EDT" time="3.098" errors="0">
  <testcase name="classAttribute" time="3.098" classname="cssSelector.CssAttribute"/>
</testsuite> <!-- cssSelector.CssAttribute -->
