<?xml version="1.0" encoding="UTF-8"?>
<!-- Generated by org.testng.reporters.JUnitReportReporter -->
<testsuite skipped="0" hostname="SAJIDs-MBP.fios-router.home" name="directLocators.Name" tests="1" failures="0" timestamp="2021-04-20T01:14:32 EDT" time="3.142" errors="0">
  <testcase name="nameAttribute" time="3.142" classname="directLocators.Name"/>
</testsuite> <!-- directLocators.Name -->
