<?xml version="1.0" encoding="UTF-8"?>
<!-- Generated by org.testng.reporters.JUnitReportReporter -->
<testsuite skipped="0" hostname="SAJIDs-MBP.fios-router.home" name="cssPseudoClasses.CssLastChild" tests="1" failures="0" timestamp="2021-04-25T21:02:30 EDT" time="3.368" errors="0">
  <testcase name="classAttribute" time="3.368" classname="cssPseudoClasses.CssLastChild"/>
</testsuite> <!-- cssPseudoClasses.CssLastChild -->
