<?xml version="1.0" encoding="UTF-8"?>
<!-- Generated by org.testng.reporters.JUnitReportReporter -->
<testsuite skipped="0" hostname="SAJIDs-MBP.fios-router.home" name="xPath.XpathContainsText" tests="1" failures="0" timestamp="2021-04-21T08:03:27 EDT" time="7.730" errors="0">
  <testcase name="containsText" time="7.730" classname="xPath.XpathContainsText"/>
</testsuite> <!-- xPath.XpathContainsText -->
