<?xml version="1.0" encoding="UTF-8"?>
<!-- Generated by org.testng.reporters.JUnitReportReporter -->
<testsuite skipped="0" hostname="SAJIDs-MBP.fios-router.home" name="cssSelector.CssNameAttribute" tests="1" failures="0" timestamp="2021-04-20T23:48:33 EDT" time="3.100" errors="0">
  <testcase name="nameAttribute" time="3.100" classname="cssSelector.CssNameAttribute"/>
</testsuite> <!-- cssSelector.CssNameAttribute -->
