<?xml version="1.0" encoding="UTF-8"?>
<!-- Generated by org.testng.reporters.JUnitReportReporter -->
<testsuite skipped="0" hostname="SAJIDs-MBP.fios-router.home" name="cssSelector.CssTagClassAttribute" tests="1" failures="0" timestamp="2021-04-20T12:46:25 EDT" time="3.174" errors="0">
  <testcase name="classAttribute" time="3.174" classname="cssSelector.CssTagClassAttribute"/>
</testsuite> <!-- cssSelector.CssTagClassAttribute -->
