<?xml version="1.0" encoding="UTF-8"?>
<!-- Generated by org.testng.reporters.JUnitReportReporter -->
<testsuite skipped="0" hostname="SAJIDs-MBP.fios-router.home" name="xPath.XpathContainsText" tests="1" failures="0" timestamp="2021-04-20T11:05:05 EDT" time="3.295" errors="0">
  <testcase name="tagAttribute" time="3.295" classname="xPath.XpathContainsText"/>
</testsuite> <!-- xPath.XpathContainsText -->
