<?xml version="1.0" encoding="UTF-8"?>
<!-- Generated by org.testng.reporters.JUnitReportReporter -->
<testsuite skipped="0" hostname="SAJIDs-MBP.fios-router.home" name="xPath.XpathId" tests="1" failures="0" timestamp="2021-04-21T08:17:43 EDT" time="6.450" errors="0">
  <testcase name="idAttribute" time="6.450" classname="xPath.XpathId"/>
</testsuite> <!-- xPath.XpathId -->
