<?xml version="1.0" encoding="UTF-8"?>
<!-- Generated by org.testng.reporters.JUnitReportReporter -->
<testsuite skipped="0" hostname="SAJIDs-MBP.fios-router.home" name="cssSelector.CssClass" tests="1" failures="0" timestamp="2021-04-20T12:32:00 EDT" time="1.099" errors="0">
  <testcase name="classAttribute" time="1.099" classname="cssSelector.CssClass"/>
</testsuite> <!-- cssSelector.CssClass -->
