<?xml version="1.0" encoding="UTF-8"?>
<!-- Generated by org.testng.reporters.JUnitReportReporter -->
<testsuite skipped="0" hostname="SAJIDs-MBP.fios-router.home" name="directLocators.Tag" tests="1" failures="0" timestamp="2021-04-20T12:09:49 EDT" time="1.081" errors="0">
  <testcase name="tagAttribute" time="1.081" classname="directLocators.Tag"/>
</testsuite> <!-- directLocators.Tag -->
